0 info it worked if it ends with ok
1 verbose cli [
1 verbose cli   'D:\\install\\nodejs\\node.exe',
1 verbose cli   'D:\\install\\nodejs\\node_modules\\npm\\bin\\npm-cli.js',
1 verbose cli   'run',
1 verbose cli   'dev'
1 verbose cli ]
2 info using npm@6.14.15
3 info using node@v14.18.0
4 verbose run-script [ 'predev', 'dev', 'postdev' ]
5 info lifecycle gmtool-vue-3@1.0.0~predev: gmtool-vue-3@1.0.0
6 info lifecycle gmtool-vue-3@1.0.0~dev: gmtool-vue-3@1.0.0
7 verbose lifecycle gmtool-vue-3@1.0.0~dev: unsafe-perm in lifecycle true
8 verbose lifecycle gmtool-vue-3@1.0.0~dev: PATH: D:\install\nodejs\node_modules\npm\node_modules\npm-lifecycle\node-gyp-bin;D:\xydworkspace\gmtool-client3.0\node_modules\.bin;D:\xydworkspace\gmtool-client3.0\node_modules\.bin;C:\Python310\Scripts\;C:\Python310\;D:\install\jdk8\bin;C:\ProgramData\Oracle\Java\javapath;C:\Windows\system32;C:\Windows;C:\Windows\System32\Wbem;C:\Windows\System32\WindowsPowerShell\v1.0\;C:\Windows\System32\OpenSSH\;C:\Program Files (x86)\NVIDIA Corporation\PhysX\Common;C:\Program Files\NVIDIA Corporation\NVIDIA NvDLISR;C:\WINDOWS\system32;C:\WINDOWS;C:\WINDOWS\System32\Wbem;C:\WINDOWS\System32\WindowsPowerShell\v1.0\;C:\WINDOWS\System32\OpenSSH\;D:\install\jdk8\jre\bin;D:\install\svn\bin;D:\install\apache-maven-3.8.1-bin\apache-maven-3.8.1\bin;D:\BaiduNetdiskDownload\nexus-3.20.1-01-win64\nexus-3.20.1-01\bin;D:\install\apache-tomcat-8.5.68-windows-x64\apache-tomcat-8.5.68\bin;D:\Scala\bin;D:\install\spark-3.0.0-bin-hadoop3.2\spark-3.0.0-bin-hadoop3.2\bin;D:\install\hadoop-3.2.1\hadoop-3.2.1\bin;C:\Program Files\Amazon\AWSCLIV2\;D:\install\nodejs\;C:\ProgramData\chocolatey\bin;D:\install\python3.9.6\Scripts\;D:\install\python3.9.6\;C:\Users\CM084\AppData\Local\Microsoft\WindowsApps;D:\软件\;C:\Program Files\MySQL\MySQL Server 5.5\bin;D:\install\Microsoft VS Code\bin;D:\Program Files\DataGrip 211.5538.21\bin;;C:\Users\CM084\AppData\Roaming\npm;D:\install\WebStorm 2021.2.2\bin;
9 verbose lifecycle gmtool-vue-3@1.0.0~dev: CWD: D:\xydworkspace\gmtool-client3.0
10 silly lifecycle gmtool-vue-3@1.0.0~dev: Args: [
10 silly lifecycle   '/d /s /c',
10 silly lifecycle   'webpack-dev-server --inline --progress --config build/webpack.dev.conf.js'
10 silly lifecycle ]
11 silly lifecycle gmtool-vue-3@1.0.0~dev: Returned: code: 3221225786  signal: null
12 info lifecycle gmtool-vue-3@1.0.0~dev: Failed to exec dev script
13 verbose stack Error: gmtool-vue-3@1.0.0 dev: `webpack-dev-server --inline --progress --config build/webpack.dev.conf.js`
13 verbose stack Exit status 3221225786
13 verbose stack     at EventEmitter.<anonymous> (D:\install\nodejs\node_modules\npm\node_modules\npm-lifecycle\index.js:332:16)
13 verbose stack     at EventEmitter.emit (events.js:400:28)
13 verbose stack     at ChildProcess.<anonymous> (D:\install\nodejs\node_modules\npm\node_modules\npm-lifecycle\lib\spawn.js:55:14)
13 verbose stack     at ChildProcess.emit (events.js:400:28)
13 verbose stack     at maybeClose (internal/child_process.js:1058:16)
13 verbose stack     at Process.ChildProcess._handle.onexit (internal/child_process.js:293:5)
14 verbose pkgid gmtool-vue-3@1.0.0
15 verbose cwd D:\xydworkspace\gmtool-client3.0
16 verbose Windows_NT 10.0.19041
17 verbose argv "D:\\install\\nodejs\\node.exe" "D:\\install\\nodejs\\node_modules\\npm\\bin\\npm-cli.js" "run" "dev"
18 verbose node v14.18.0
19 verbose npm  v6.14.15
20 error code ELIFECYCLE
21 error errno 3221225786
22 error gmtool-vue-3@1.0.0 dev: `webpack-dev-server --inline --progress --config build/webpack.dev.conf.js`
22 error Exit status 3221225786
23 error Failed at the gmtool-vue-3@1.0.0 dev script.
23 error This is probably not a problem with npm. There is likely additional logging output above.
24 verbose exit [ 3221225786, true ]
